\ Forced PSF-fit and aperture photometry results
\ Generated by forcepsffitdiff.pl v3.4, 2020-01-12 at 21:44:14
\ Input PSF-fitting radius = 3 pixels
\ Magnitude Zero-Point & RMS: see epoch-dependent zpmag,zprms columns
\ Input (fixed) aperture radius = 6 pixels
\ Input (fixed) inner radius of sky annulus = 12 pixels
\ Input (fixed) outer radius of sky annulus = 16 pixels
\ Input (fixed) aperture correction = 0 magnitudes
\ Input correlated-noise correction factor for aperture photometry = 1
\ Number of target positions = 1
\ Column definitions:
\ sourceid = source ID based on internal counter
\ xpos, ypos = source centroid position in x,y system of difference image
\ ra, dec = corresponding J2000 equatorial coordinates
\ flux, sigflux = PSF-fit flux and 1-sigma uncertainty; use these estimates
\        when generating light-curves; values of 99999999,-99.999 indicate
\        no measurement was possible.
\ fluxap, sigfluxap = aperture flux and 1-sigma uncertainty using a _fixed_
\        aperture. Provdes a crude sanity check of PSF photometry. Will
\        be affected by bad pixels (see nbadap column). Note: aperture
\        correction (if applied) may not match variable seeing. You may
\        want to increase aperture radius to make this more immune to
\        variable seeing. This will be at the expense of an increase in the
\        measurement noise.
\ nbadap = number of bad and saturated pixels in measurement aperture;
\        99999999 => aperture measurement not possible (e.g., too close to edge)
\ snr = signal-to-noise ratio in PSF-fit flux estimate
\ chi = robust estimate of ratio: RMS in PSF-fit residuals /
\                                 expected RMS using uncertainties
\ sharp = fwhm_obs^2 - fwhm_PSF^2;
\       ~ 0  => perfect (source is PSF-like);
\       >> 0 => extended source or bad kernel solution;
\       << 0 => cosmic ray, glitch, or bad kernel solution
\ MJD, HJD = Modified and Heliocentric Julian Dates at start of exposure
\ FWHMSEX = Effective FWHM (seeing) of original science frame
\
\ Reference-image rfId, refimage = 137296, /ptf/pos/archive/refims/d4790/f2/c7/p12/v3/PTF_d004790_f02_c07_u000137296_p12_refimg.fits
\ Reference-image PSF-file rfaId, rawpsf = 471116, /ptf/pos/archive/refims/d4790/f2/c7/p12/v3/PTF_d004790_f02_c07_u000137296_p12_daopsf.rpsf
\
|sourceid    |xpos        |ypos        |ra          |dec         |zpmag       |zprms       |flux                |sigflux           |snr         |chi         |sharp       |fluxap              |sigfluxap         |nbadap      |MJD                 |HJD                   |FWHMSEX                   |
|i           |r           |r           |r           |r           |r           |r           |r                   |r                 |r           |r           |r           |r                   |r                 |i           |r                   |r                     |r                         |
|            |pix         |pix         |deg         |deg         |mag         |mag         |DN                  |DN                |            |            |            |DN                  |DN                |            |days                |days                  |arcsec                    |
 1             174.56       189.26      264.1947890   50.5478260  27.075        0.099               -40.8814000        152.8690000    -0.27        1.062       -6.659             -141.1032965        345.2471769  0             54958.18715           2454958.68848                 3.25000
 1             164.42       196.24      264.1947890   50.5478260  27.072        0.096                92.9604000        137.1480000     0.68        1.153       -3.569              -82.7858437        313.4491127  0             54958.24368           2454958.74500                 2.75000
 1             139.38       217.47      264.1947890   50.5478260  27.074        0.076                25.1261000         74.0736000     0.34        1.436       -3.682               27.3048135        179.8940966  0             54958.32207           2454958.82340                 2.05000
 1             112.14       210.04      264.1947890   50.5478260  27.072        0.062               117.7960000         91.5669000     1.29        1.940        0.824              182.9583876        165.1033705  0             54958.38042           2454958.88174                 2.15000
 1              85.26       211.57      264.1947890   50.5478260  27.070        0.067               152.1330000         39.4380000     3.86        1.001       -0.123             -120.4681125        119.4432129  0             54958.42667           2454958.92799                 1.85000
 1              84.55       209.21      264.1947890   50.5478260  27.073        0.057               174.9780000         46.3157000     3.78        1.287       -1.052              223.4071497        111.8249371  0             54958.47381           2454958.97514                 1.95000
 1             169.01       180.58      264.1947890   50.5478260  27.073        0.062                24.3034000         70.9805000     0.34        1.779        9.673              188.2951320        155.8822996  0             54966.21699           2454966.71842                 2.15000
 1             112.42       205.53      264.1947890   50.5478260  27.072        0.062               189.3990000         55.9061000     3.39        1.375       -0.139              112.0110404        135.9226941  0             54966.36028           2454966.86171                 2.15000
 1              87.80       198.06      264.1947890   50.5478260  27.073        0.062                18.3101000         49.5488000     0.37        1.435       -5.902              138.1475856        112.7959485  0             54966.46321           2454966.96464                 1.95000
 1             160.35       178.49      264.1947890   50.5478260  27.074        0.066                60.9935000         79.6192000     0.77        1.273       -2.945               52.4797091        173.0295279  0             54968.24109           2454968.74254                 2.55000
 1              84.18       185.66      264.1947890   50.5478260  27.072        0.064               171.2120000         60.6574000     2.82        1.147        0.384              115.2526421        156.8703430  0             54968.40429           2454968.90575                 2.45000
 1             158.14       166.26      264.1947890   50.5478260  27.073        0.172               -57.5840000        161.0150000    -0.36        1.342        1.387             -113.6786892        330.5682935  0             54972.23449           2454972.73599                 2.85000
 1             117.04       175.65      264.1947890   50.5478260  27.074        0.062               164.3700000         58.1751000     2.83        1.217       -0.645               83.5980181        152.8385674  0             54972.33459           2454972.83609                 2.25000
 1              92.44       178.85      264.1947890   50.5478260  27.074        0.080               -24.2290000         40.3700000    -0.60        1.339        4.286             -218.4495964        109.4480286  0             55002.36459           2455002.86618                 2.15000
 1             100.05       170.30      264.1947890   50.5478260  27.072        0.083               -53.1692000         64.0547000    -0.83        1.345        5.309             -235.8517103        141.3390037  0             55004.39131           2455004.89288                 2.25000
 1             100.98       154.00      264.1947890   50.5478260  27.073        0.125               156.7220000        139.6700000     1.12        1.290       -0.392               16.1096058        351.3377984  0             55019.35961           2455019.86106                 2.25000
 1             113.63       130.22      264.1947890   50.5478260  27.071        0.095                71.1578000         57.6196000     1.23        1.298       -4.586             -135.7092091        150.5002631  0             55025.38207           2455025.88345                 2.05000
 1             130.54       119.46      264.1947890   50.5478260  27.071        0.101                84.1377000        110.0090000     0.76        1.503       -4.337             -118.6971130        229.5650858  0             55025.42162           2455025.92300                 2.25000
 1              74.79        29.79      264.1947890   50.5478260  27.070        0.079               114.5040000         68.0747000     1.68        1.243        1.192              451.9900423        169.3296592  0             55049.20270           2455049.70366                 1.95000
 1              79.22        35.77      264.1947890   50.5478260  27.071        0.060               277.7490000         34.2507000     8.11        0.995        0.062              190.9700952         99.9337447  0             55052.17700           2455052.67790                 1.85000
 1              74.18        35.28      264.1947890   50.5478260  27.073        0.062               372.8450000         37.1282000    10.04        1.200       -0.081              116.3618830         83.9856605  0             55053.18223           2455053.68311                 1.85000
 1              85.44        22.13      264.1947890   50.5478260  27.074        0.063               256.3120000         62.9180000     4.07        1.411        0.120              -34.2109892        137.3039915  0             55055.22700           2455055.72783                 2.35000
 1              92.85        10.06      264.1947890   50.5478260  27.073        0.065               329.4410000         39.8303000     8.27        1.272       -0.189         99999999.0000000   99999999.0000000  99999999             55059.24931           2455059.75004                 2.05000
 1             115.80       157.47      264.1947890   50.5478260  27.071        0.094               284.8480000        123.5080000     2.31        1.203       -1.094             1000.9043364        308.2386789  0             55138.10727           2455138.60605                 2.35000
 1             115.72       148.59      264.1947890   50.5478260  27.074        0.107                49.6199000        159.1330000     0.31        1.207        3.500             -261.5367123        367.5788705  0             55138.15090           2455138.64968                 2.55000
 1             121.45       156.67      264.1947890   50.5478260  27.070        0.045               -49.3758000         55.2914000    -0.89        1.128        3.381             -133.6196921        144.5414002  0             55280.46615           2455280.96653                 2.25000
 1             124.65       160.34      264.1947890   50.5478260  27.072        0.042               178.5220000         71.2681000     2.50        1.337        1.939              485.3553093        141.9608512  0             55280.50994           2455281.01033                 2.55000
 1             125.71       155.00      264.1947890   50.5478260  27.072        0.063               156.3440000        114.3730000     1.37        0.788        1.130               12.9990665        210.2172178  0             55293.27780           2455293.77851                 4.75000
 1             127.97       170.00      264.1947890   50.5478260  27.070        0.054                89.6213000         85.1760000     1.05        0.951       -0.989              297.2811220        166.3174492  0             55293.32135           2455293.82207                 3.85000
 1             131.06       148.60      264.1947890   50.5478260  27.070        0.060                -3.1987500         59.4340000    -0.05        1.186       46.134              -20.5832745        170.0876570  0             55312.46140           2455312.96254                 2.15000
 1             132.10       145.99      264.1947890   50.5478260  27.071        0.085              -210.8600000        124.3450000    -1.70        1.227       -1.461               11.7668248        294.0750105  0             55313.35701           2455313.85817                 2.35000
 1             136.60       149.08      264.1947890   50.5478260  27.071        0.079               -76.0720000         83.7701000    -0.91        1.322        0.253              -17.5070671        221.4490419  0             55313.39980           2455313.90096                 2.15000
 1             130.32       150.79      264.1947890   50.5478260  27.071        0.057                29.1153000         74.9502000     0.39        1.156       -0.046               -7.2148639        183.8893481  0             55318.45023           2455318.95147                 2.45000
 1             139.05       151.77      264.1947890   50.5478260  27.073        0.065               134.2500000         94.9637000     1.41        1.254       -0.353               53.5965816        194.8538051  0             55318.49422           2455318.99547                 2.65000
 1             128.23       144.93      264.1947890   50.5478260  27.072        0.044                56.2505000         75.5139000     0.74        1.466       -2.790              -91.6007981        136.5392371  0             55323.44564           2455323.94696                 3.95000
 1             142.15       148.20      264.1947890   50.5478260  27.071        0.050                54.7480000         60.8793000     0.90        1.696       -1.922              -12.0600818        122.8961175  0             55323.48956           2455323.99088                 2.05000
 1             134.24       149.87      264.1947890   50.5478260  27.069        0.176       99999999             -99.999                inf        0.000        0.000             -123.0027358        857.4619414  0             55329.43352           2455329.93493                 2.35000
 1             144.74       148.25      264.1947890   50.5478260  24.306        0.334             -2114.5200000        162.8170000   -12.99        1.190        0.623            -3909.0802789        345.8706712  0             55329.47781           2455329.97922                 2.25000
 1             146.03       170.61      264.1947890   50.5478260  27.071        0.067               106.9650000         73.3834000     1.46        1.091       -0.354              171.7432445        206.3542765  0             55336.48712           2455336.98861                 2.25000
 1             143.70       142.48      264.1947890   50.5478260  27.072        0.044                66.1361000         67.2758000     0.98        1.362       -0.899              181.6295664        132.2140883  0             55340.42052           2455340.92204                 2.55000
 1             148.60       147.18      264.1947890   50.5478260  27.070        0.045               -97.4113000         48.6625000    -2.00        1.051       -1.401              -23.3135371        133.6565443  0             55340.46341           2455340.96494                 2.45000
 1             139.56       160.71      264.1947890   50.5478260  27.071        0.057               -52.0051000         81.0096000    -0.64        1.151        5.312              -66.0666577        200.5119251  0             55346.20606           2455346.70763                 2.55000
 1             136.51       161.56      264.1947890   50.5478260  27.071        0.066              -176.8130000         72.6949000    -2.43        0.972        0.494             -287.4745318        210.2172130  0             55346.24941           2455346.75097                 2.45000
 1             143.54       159.40      264.1947890   50.5478260  27.072        0.039               -75.2649000         47.3522000    -1.59        1.629       -1.108              -49.5819841        108.8846890  0             55351.27516           2455351.77675                 2.15000
 1             144.85       156.53      264.1947890   50.5478260  27.069        0.040               -27.9372000         38.4112000    -0.73        1.855        0.952               79.5978805         72.7976947  0             55351.32286           2455351.82444                 1.85000
 1             140.94       138.57      264.1947890   50.5478260  27.070        0.047               -22.3238000         81.4786000    -0.27        1.700       11.876              -77.6715211        135.0840328  0             55356.19096           2455356.69256                 2.55000
 1             140.30       132.17      264.1947890   50.5478260  27.070        0.038               -29.9466000         77.0228000    -0.39        1.789       -1.147             -148.7360784        122.7466333  0             55356.25552           2455356.75712                 2.65000
 1             144.19       134.33      264.1947890   50.5478260  27.070        0.035               -97.7328000         64.7195000    -1.51        1.838       -0.660              -63.3592757        109.7647083  0             55356.31625           2455356.81785                 2.25000
 1             144.99       137.45      264.1947890   50.5478260  27.070        0.035                28.8073000         70.2688000     0.41        2.009       -7.317              -28.5081815        113.1671440  0             55356.38051           2455356.88211                 2.25000
 1             147.38       138.43      264.1947890   50.5478260  27.070        0.036               -64.6454000         65.1399000    -0.99        1.790        0.685              -10.9929390        113.7949714  0             55356.44023           2455356.94183                 2.25000
 1             142.02       152.74      264.1947890   50.5478260  27.069        0.050                45.2072000         97.6054000     0.46        1.539       -0.159             -109.3793866        155.0446367  0             55357.17799           2455357.67958                 2.95000
 1             136.64       153.28      264.1947890   50.5478260  27.071        0.039               -63.3546000         69.3845000    -0.91        1.756        2.114             -116.7221559        127.5592141  0             55362.33500           2455362.83660                 2.25000
 1             147.94       138.11      264.1947890   50.5478260  27.072        0.039                30.1554000         60.2150000     0.50        2.532       -2.223             -166.5148800         80.6767222  0             55362.37877           2455362.88037                 1.95000
 1             148.30       156.93      264.1947890   50.5478260  27.071        0.043              -135.2070000         56.4370000    -2.40        1.239        0.564             -134.2845761        120.6022303  0             55367.37027           2455367.87185                 2.55000
 1             148.97       155.07      264.1947890   50.5478260  27.071        0.041                15.9839000         63.8325000     0.25        1.917        0.750               43.3753942        114.8540913  0             55367.41495           2455367.91654                 2.15000
 1             144.77       126.79      264.1947890   50.5478260  27.070        0.072                42.8785000         71.7766000     0.60        1.472        0.645              121.9018013        167.6238409  0             55372.45635           2455372.95791                 1.95000
 1             136.01       129.26      264.1947890   50.5478260  27.070        0.082                10.8593000        134.3860000     0.08        1.438       -9.626             -885.8256480        285.4946187  0             55373.30211           2455373.80366                 2.35000
 1             146.74       126.48      264.1947890   50.5478260  27.070        0.086                47.3833000        106.4870000     0.44        0.982        8.226             -260.6883081        296.1863245  0             55373.35384           2455373.85539                 2.65000
 1             138.60       128.58      264.1947890   50.5478260  27.070        0.049               -38.3657000         70.1109000    -0.55        1.117        1.075              122.4935455        172.9376340  0             55378.30517           2455378.80669                 2.65000
 1             149.68       125.94      264.1947890   50.5478260  27.070        0.054                42.3754000         96.2639000     0.44        1.600        4.824               97.3696746        170.7657952  0             55378.35362           2455378.85514                 2.55000
 1             144.52       153.80      264.1947890   50.5478260  27.071        0.036               -14.0522000         53.2705000    -0.26        1.512       13.043               -1.8348229        109.7606531  0             55383.30880           2455383.81026                 2.85000
 1             148.39       124.29      264.1947890   50.5478260  27.070        0.034               117.8150000         53.7023000     2.19        1.557       -0.338                1.0634203        109.3608125  0             55383.35249           2455383.85396                 2.25000
 1             145.19       173.58      264.1947890   50.5478260  27.072        0.046                94.1902000         40.2763000     2.34        1.159        0.212               -5.6904678        114.6965859  0             55388.36391           2455388.86532                 2.15000
 1             143.48       165.88      264.1947890   50.5478260  27.072        0.041               -80.0393000         47.5293000    -1.68        1.936       -0.332               21.8886610         89.5185982  0             55394.27719           2455394.77852                 1.95000
 1             146.30       167.78      264.1947890   50.5478260  27.071        0.044               -82.4199000         92.5141000    -0.89        1.737        1.977              -79.6213691        137.5533273  0             55394.32769           2455394.82901                 3.35000
 1             143.42       161.07      264.1947890   50.5478260  27.069        0.069               -56.0491000         57.8681000    -0.97        1.228        0.279              202.9317198        168.8512025  0             55399.34936           2455399.85061                 2.05000
 1             142.61       158.11      264.1947890   50.5478260  27.072        0.061                41.5275000         62.6575000     0.66        1.342        0.625              192.0211858        159.1801587  0             55399.39338           2455399.89463                 2.15000
 1             142.41       153.93      264.1947890   50.5478260  27.084        0.088                64.5092000         73.8577000     0.87        1.228       -2.344              251.0101643        202.2193758  0             55407.36977           2455407.87087                 1.95000
 1             142.97       149.62      264.1947890   50.5478260  27.069        0.085                28.1285000         89.9093000     0.31        0.987        1.103              -19.8187976        280.0443705  0             55407.41453           2455407.91563                 2.25000
 1             136.53       165.94      264.1947890   50.5478260  27.074        0.120              -235.7910000        101.6570000    -2.32        1.128        0.811              -34.0848950        298.5192233  0             55411.18451           2455411.68554                 2.05000
 1             140.93       162.11      264.1947890   50.5478260  27.069        0.258       99999999             -99.999                inf        0.000        0.000            -1101.2519929        739.0222095  0             55411.22844           2455411.72947                 1.85000
 1             130.03       166.69      264.1947890   50.5478260  27.071        0.048                55.2782000         59.7284000     0.93        1.213       -5.460              -18.4970267        149.3169361  0             55423.17394           2455423.67470                 2.35000
 1             141.29       161.47      264.1947890   50.5478260  27.070        0.045               -70.0689000         41.7146000    -1.68        1.320        1.025               10.7638341        106.1812000  0             55423.21759           2455423.71836                 2.05000
 1             156.51       155.76      264.1947890   50.5478260  27.069        0.073                98.3611000         47.8834000     2.05        0.896       -1.554               88.1720165        168.6710338  0             55430.25115           2455430.75174                 2.05000
 1             156.16       148.19      264.1947890   50.5478260  27.071        0.082                99.3023000         60.5297000     1.64        1.154        0.251              452.4696094        175.0908199  0             55430.29831           2455430.79890                 1.95000
 1             155.12       153.54      264.1947890   50.5478260  27.069        0.094                96.4796000         99.4964000     0.97        1.391        0.959               15.3998118        241.0241141  0             55433.26140           2455433.76192                 2.05000
 1             154.87       146.43      264.1947890   50.5478260  27.070        0.106              -231.1920000        124.1050000    -1.86        1.027        1.077            -1054.2564822        372.4383129  0             55433.31233           2455433.81284                 2.35000
 1             151.00       162.22      264.1947890   50.5478260  27.071        0.042              -108.7640000         48.3141000    -2.25        1.554        2.032             -134.0038327        103.3391828  0             55444.15074           2455444.65097                 2.15000
 1             149.99       148.31      264.1947890   50.5478260  27.070        0.057                -3.3219500         44.7026000    -0.07        1.386        7.906               26.0111016        108.1364961  0             55444.24044           2455444.74067                 2.05000
 1             148.03       149.70      264.1947890   50.5478260  27.071        0.047              -113.3190000         49.0475000    -2.31        0.962        1.607             -401.8236092        157.7895087  0             55452.23810           2455452.73812                 2.25000
 1             149.34       142.70      264.1947890   50.5478260  27.071        0.057               -91.1325000         66.0645000    -1.38        1.543       -1.189             -152.5736408        144.1033308  0             55452.28370           2455452.78372                 2.15000
 1             148.69       156.95      264.1947890   50.5478260  27.071        0.057               -76.6662000         53.3514000    -1.44        1.298        1.841             -166.7552434        129.5953597  0             55457.15609           2455457.65597                 2.05000
 1             145.89       151.75      264.1947890   50.5478260  27.072        0.062                28.2670000         57.6209000     0.49        1.392       -9.999              -68.9946950        135.4085081  0             55457.19971           2455457.69959                 2.05000
 1             147.38       154.59      264.1947890   50.5478260  27.072        0.064               -32.2313000         61.3012000    -0.53        1.178        2.958              187.8007534        163.1352044  0             55460.15792           2455460.65772                 2.15000
 1             145.65       142.58      264.1947890   50.5478260  27.071        0.069               -71.1862000         61.7236000    -1.15        1.352        1.324              -97.8012506        148.1164665  0             55460.20692           2455460.70672                 1.85000
 1             148.66       159.11      264.1947890   50.5478260  27.071        0.066               -69.7153000         90.3675000    -0.77        1.139        1.959             -294.4847782        225.6181629  0             55464.12663           2455464.62632                 2.45000
 1             147.09       149.01      264.1947890   50.5478260  27.070        0.068               -66.2745000        106.8200000    -0.62        1.383        3.685             -303.9529434        255.3431269  0             55464.17286           2455464.67255                 2.25000
 1             145.25       159.54      264.1947890   50.5478260  27.072        0.052                49.8701000         75.4889000     0.66        1.212       -5.412              110.0461253        171.9375804  0             55467.14954           2455467.64915                 2.45000
 1             143.19       149.30      264.1947890   50.5478260  27.070        0.062               -14.4709000         90.6515000    -0.16        1.265       -0.398               52.5927933        204.4662618  0             55467.19257           2455467.69218                 2.45000
 1             141.90       138.90      264.1947890   50.5478260  27.072        0.043                41.5295000         40.2750000     1.03        1.268       -0.805              165.8558188        105.9832339  0             55473.20714           2455473.70659                 2.05000
 1             142.65       135.21      264.1947890   50.5478260  27.072        0.062               -53.7091000         53.0752000    -1.01        0.945        0.585              -15.7205700        168.7518670  0             55473.25293           2455473.75238                 2.35000
 1             137.92       134.80      264.1947890   50.5478260  27.075        0.122                41.6829000         68.5228000     0.61        1.196       -6.159            -1211.8884740        189.6132540  0             55486.14920           2455486.64834                 1.85000
 1             138.22       130.89      264.1947890   50.5478260  27.070        0.083               132.9730000         88.7880000     1.50        1.492       -1.684              176.5053415        192.7633582  0             55486.19284           2455486.69197                 2.05000
 1             164.38       120.61      264.1947890   50.5478260  27.072        0.040                39.1990000         53.3902000     0.73        1.236        4.918              -55.7337624        129.0512028  0             55723.42832           2455723.92992                 2.45000
 1             164.87       117.49      264.1947890   50.5478260  27.070        0.050               118.1660000         70.0796000     1.69        1.364        0.189              141.1630701        163.9316339  0             55723.47203           2455723.97362                 2.35000
 1             158.01       121.14      264.1947890   50.5478260  27.071        0.054               -39.3433000         60.0253000    -0.66        1.704        0.830              158.7893402        122.7553184  0             55732.30853           2455732.81011                 1.95000
 1             162.38       119.49      264.1947890   50.5478260  27.071        0.057               202.6590000         55.7537000     3.63        1.328       -1.100              265.9354862        153.6366830  0             55732.35247           2455732.85405                 2.05000
 1             161.00       119.21      264.1947890   50.5478260  27.071        0.039                94.3799000         57.7501000     1.63        1.389        2.748               81.9358299        131.9700615  0             55735.27897           2455735.78054                 2.35000
 1             153.81       118.07      264.1947890   50.5478260  27.072        0.049                -6.2513800         78.5556000    -0.08        1.455       99.999             -213.8188171        140.6903977  0             55735.32284           2455735.82441                 2.65000
 1             152.21       110.88      264.1947890   50.5478260  27.070        0.065               222.3400000         79.5452000     2.80        1.684       -0.085              470.7637208        165.7801049  0             55751.27771           2455751.77915                 2.05000
 1             163.54       113.01      264.1947890   50.5478260  27.071        0.048               128.7590000         53.6872000     2.40        1.850       -1.557             -377.2859291         95.3891977  0             55751.32140           2455751.82284                 1.85000
 1             156.97        85.82      264.1947890   50.5478260  27.071        0.064               200.9040000         60.2790000     3.33        1.553       -1.274              -57.7438377        131.1529659  0             55754.22552           2455754.72692                 1.85000
 1             149.11       109.89      264.1947890   50.5478260  27.072        0.069               180.0630000         76.6191000     2.35        1.059       -0.917             -304.9845934        206.0860929  0             55754.26924           2455754.77064                 2.65000
 1             160.97        99.99      264.1947890   50.5478260  27.070        0.076               161.6420000         96.6413000     1.67        1.096       -0.743              -84.1282302        243.8574535  0             55760.39587           2455760.89718                 2.55000
 1             159.23       105.06      264.1947890   50.5478260  27.072        0.060                89.6640000         74.5767000     1.20        1.134        0.682              158.0911730        186.8550973  0             55763.38265           2455763.88392                 2.45000
 1             161.87        97.30      264.1947890   50.5478260  27.073        0.067               217.9610000         85.3640000     2.55        1.189        0.661              124.9087898        204.9317552  0             55763.42547           2455763.92674                 2.45000
 1             159.58       106.39      264.1947890   50.5478260  27.071        0.055               243.0190000         47.3596000     5.13        1.344        0.094               55.0674349        108.7567156  0             55766.36479           2455766.86601                 1.85000
 1             161.22       100.56      264.1947890   50.5478260  27.070        0.057               240.7980000         63.4872000     3.79        1.607       -0.548              169.0594834        136.3934185  0             55766.41014           2455766.91136                 1.95000
 1             148.89       111.17      264.1947890   50.5478260  27.069        0.044               128.8520000         53.7053000     2.40        1.894        0.388              131.2161577         94.7628450  0             55770.22831           2455770.72946                 2.05000
 1             154.26        84.65      264.1947890   50.5478260  27.071        0.054                51.2089000         74.2239000     0.69        1.227       -6.920              -42.9539872        162.8284341  0             55779.22500           2455779.72597                 2.25000
 1             157.85       103.36      264.1947890   50.5478260  27.071        0.045               223.8450000         48.6003000     4.61        1.522       -0.072               65.6012283        104.4458644  0             55779.26850           2455779.76947                 2.15000
 1             153.74        84.60      264.1947890   50.5478260  27.071        0.061               156.3620000         77.7028000     2.01        1.840       -0.275               16.7241331        140.4817188  0             55782.21538           2455782.71629                 2.05000
 1             157.59       106.09      264.1947890   50.5478260  27.071        0.065               208.6710000         52.7400000     3.96        1.041       -0.435               33.8819883        163.7183782  0             55782.26377           2455782.76468                 2.15000
 1             144.17       106.27      264.1947890   50.5478260  27.069        0.053               189.9080000         52.3382000     3.63        1.479        0.231               64.3606536        110.8755175  0             55790.16868           2455790.66940                 1.95000
 1             156.37       104.97      264.1947890   50.5478260  27.070        0.065               195.4910000         45.7963000     4.27        1.131        0.170               88.6970006        123.7849218  0             55790.22154           2455790.72226                 1.95000
 1             148.08        81.65      264.1947890   50.5478260  27.071        0.045               337.8140000         69.8207000     4.84        1.280       -0.462               61.9632380        141.8338505  0             55793.17587           2455793.67652                 2.65000
 1             154.45        79.29      264.1947890   50.5478260  27.069        0.044               279.7750000         80.1638000     3.49        1.549       -0.503              102.5313030        139.4354002  0             55793.21934           2455793.71999                 2.75000
 1             147.93        84.00      264.1947890   50.5478260  27.071        0.080               140.2690000         60.7158000     2.31        1.290       -0.863             -224.7955750        146.9012673  0             55811.22691           2455811.72709                 1.85000
 1             149.74        87.38      264.1947890   50.5478260  27.069        0.100               151.5280000        104.3260000     1.45        1.004       -0.645             -295.3304618        322.7628656  0             55811.32670           2455811.82688                 2.25000
 1             148.89        85.07      264.1947890   50.5478260  27.065        0.235       99999999             -99.999                inf        0.000        0.000            -1000.8316919       2301.5193547  0             55817.17148           2455817.67150                 3.15000
 1             146.36        98.39      264.1947890   50.5478260  27.079        0.115               196.9790000        177.7430000     1.11        1.297       -1.863              -71.8774009        365.4270199  0             55817.21439           2455817.71441                 2.75000
 1             148.76        83.88      264.1947890   50.5478260  27.070        0.060               259.9690000         59.3046000     4.38        1.593       -1.049              142.4151464        121.3954172  0             55820.15183           2455820.65177                 1.85000
 1             146.76        79.91      264.1947890   50.5478260  27.070        0.077               378.6100000         37.9361000     9.98        0.772        0.064              198.3382993        144.3766766  0             55820.19492           2455820.69486                 1.75000
 1             147.90       113.05      264.1947890   50.5478260  27.071        0.050               148.4020000         63.6240000     2.33        1.880       -0.591              191.7356376        115.6559612  0             55823.14183           2455823.64169                 1.95000
 1             145.38       105.98      264.1947890   50.5478260  27.070        0.053               219.2860000         54.9965000     3.99        1.528       -0.798               70.9554827        112.2823617  0             55823.19118           2455823.69104                 1.85000
 1             125.11       110.30      264.1947890   50.5478260  27.072        0.067                85.5004000         52.8255000     1.62        1.102        0.233             -366.3544008        164.7507852  0             55838.14490           2455838.64436                 2.05000
 1             123.97       106.98      264.1947890   50.5478260  27.071        0.092               238.4560000        129.2680000     1.84        1.558        2.469              599.3962206        265.0381808  0             55838.18876           2455838.68822                 2.25000
 1              95.60        75.88      264.1947890   50.5478260  27.071        0.049               231.5590000         72.0288000     3.21        0.925        0.586              132.8732244        166.9333576  0             56330.42520           2456330.92435                 3.35000
 1              97.03       103.71      264.1947890   50.5478260  27.070        0.043               233.9910000         57.0968000     4.10        1.197        0.264              103.6820939        145.6655740  0             56330.55896           2456331.05811                 2.35000
 1             143.32        89.47      264.1947890   50.5478260  27.071        0.076               320.0280000         93.7943000     3.41        1.152        0.251              439.4706506        240.5123165  0             56786.49532           2456786.99668                 2.35000
 1             133.98        51.15      264.1947890   50.5478260  27.069        0.083               153.7930000        120.6120000     1.28        1.244        0.174               96.2274288        247.7046378  0             56789.43714           2456789.93854                 2.85000
 1             144.26        54.04      264.1947890   50.5478260  27.069        0.059               256.2560000         89.2996000     2.87        1.290       -0.571              135.9596908        192.8679922  0             56789.47005           2456789.97144                 2.65000
 1             134.24        53.91      264.1947890   50.5478260  27.071        0.082                64.7941000        178.5260000     0.36        1.730       -2.955             -207.8023930        268.7534788  0             56790.41815           2456790.91956                 2.75000
 1             142.78        55.19      264.1947890   50.5478260  27.071        0.087               283.1960000        148.6670000     1.90        1.304       -0.182                7.3727942        287.4756185  0             56790.45428           2456790.95569                 3.05000
 1             142.03        56.54      264.1947890   50.5478260  27.072        0.090               146.8740000        158.8010000     0.92        1.223       -0.737              443.6100304        322.9974082  0             56791.45412           2456791.95554                 3.05000
 1             147.53        56.64      264.1947890   50.5478260  27.071        0.096               -63.0798000        168.9120000    -0.37        1.321        0.339              -23.1767123        313.5796233  0             56791.48662           2456791.98804                 2.95000
 1             132.58        54.87      264.1947890   50.5478260  27.070        0.101               257.9280000        147.3710000     1.75        1.233       -0.599              -32.1560657        301.7613385  0             56792.42431           2456792.92574                 2.75000
 1             143.07        56.23      264.1947890   50.5478260  27.071        0.095               407.5140000         81.7013000     4.99        0.640        0.010              507.2456825        323.1881335  0             56792.45843           2456792.95986                 2.55000
 1             147.11        60.10      264.1947890   50.5478260  27.071        0.044               299.4440000         35.2942000     8.48        1.083        0.258              225.1539931         96.9226826  0             56802.44387           2456802.94540                 2.05000
 1             147.54        58.95      264.1947890   50.5478260  27.072        0.048               244.8350000         41.6777000     5.87        1.314        0.171              177.3651624         97.3941633  0             56803.46589           2456803.96743                 1.95000
 1             147.52        58.07      264.1947890   50.5478260  27.071        0.045               284.9260000         52.4826000     5.43        1.578       -0.854              148.8172552        102.6160649  0             56804.43745           2456804.93900                 2.05000
 1             148.89        58.62      264.1947890   50.5478260  27.070        0.045               235.9210000         54.0273000     4.37        1.431        0.447              128.7933392        117.9873279  0             56804.47132           2456804.97286                 2.15000
 1             146.04       115.82      264.1947890   50.5478260  27.071        0.039                83.5559000         46.8580000     1.78        1.234       -0.538              -16.6726798        126.5774650  0             56814.45226           2456814.95385                 2.25000
 1             146.36       112.69      264.1947890   50.5478260  27.071        0.060                37.0626000         69.4861000     0.53        1.065       -1.730                8.5537270        182.9465421  0             56814.47867           2456814.98026                 2.55000
 1             147.68       110.87      264.1947890   50.5478260  27.073        0.038               188.6510000         48.3573000     3.90        1.242        0.171              -53.6168915        121.0853788  0             56815.40873           2456815.91032                 2.35000
 1             146.99       106.65      264.1947890   50.5478260  27.070        0.043               267.5960000         61.2189000     4.37        1.328       -0.084              172.8790844        132.4938312  0             56815.46419           2456815.96578                 2.55000
 1             138.15       111.77      264.1947890   50.5478260  27.072        0.051               107.0780000         59.4590000     1.80        1.050       -2.301               51.0588997        174.1507164  0             56816.34586           2456816.84745                 2.45000
 1             140.06       109.73      264.1947890   50.5478260  27.070        0.048               128.2960000         79.9701000     1.60        1.550       -1.849              118.5910934        156.0645886  0             56816.37251           2456816.87411                 2.45000
 1             148.84        73.79      264.1947890   50.5478260  27.070        0.049               144.2050000         75.0705000     1.92        1.432        0.658             -243.1721254        144.4467714  0             56817.40744           2456817.90904                 2.55000
 1             149.49        74.79      264.1947890   50.5478260  27.069        0.038               248.7860000         56.3998000     4.41        1.367       -0.042              -53.6783316        120.3798783  0             56817.43561           2456817.93721                 2.55000
 1             144.68        96.01      264.1947890   50.5478260  27.070        0.059                73.8911000         45.3502000     1.63        1.080       -0.056              -82.9576781        128.1991279  0             56818.38605           2456818.88765                 1.95000
 1             149.62        94.59      264.1947890   50.5478260  27.071        0.059               202.1340000         52.6230000     3.84        1.088       -1.763               95.1476058        136.6675371  0             56818.41647           2456818.91807                 2.05000
 1             135.70        61.16      264.1947890   50.5478260  27.070        0.071               295.0220000        120.7730000     2.44        1.148        1.798              210.9230838        235.2718065  0             56819.34529           2456819.84689                 3.15000
 1             141.17        61.76      264.1947890   50.5478260  27.072        0.064               195.3030000        121.9650000     1.60        1.230       -1.022                5.4023938        236.6499016  0             56819.36537           2456819.86697                 3.05000
 1             137.38        61.11      264.1947890   50.5478260  27.073        0.089               164.9300000        102.3410000     1.61        0.925       -0.159             -256.8564668        284.1743639  0             56821.33475           2456821.83634                 2.55000
 1             138.42        61.37      264.1947890   50.5478260  27.068        0.089               290.9750000         96.1510000     3.03        0.969       -0.115               32.6344247        298.2047443  0             56821.35446           2456821.85605                 2.35000
 1             137.03        59.32      264.1947890   50.5478260  27.071        0.074               192.4850000         82.7888000     2.33        0.952       -0.749              218.2969819        234.4042199  0             56822.33561           2456822.83721                 2.45000
 1             141.48        59.39      264.1947890   50.5478260  27.070        0.072               121.8220000         77.8503000     1.56        0.845       -0.186              430.9051051        232.4604322  0             56822.35568           2456822.85728                 2.55000
 1             149.27        60.69      264.1947890   50.5478260  27.070        0.070               235.0650000        107.8860000     2.18        1.095       -1.228               15.7144611        255.5439131  0             56823.40529           2456823.90689                 2.85000
 1             148.18        61.56      264.1947890   50.5478260  27.070        0.068               219.2820000         93.2536000     2.35        1.110        0.095              130.2688922        234.8617747  0             56823.42497           2456823.92656                 2.55000
 1             148.68        64.61      264.1947890   50.5478260  27.072        0.059                74.3945000        113.5220000     0.66        1.551        0.117             -306.2462102        189.3923845  0             56824.42804           2456824.92964                 2.75000
 1             148.77        65.31      264.1947890   50.5478260  27.070        0.062               288.4090000        120.9220000     2.39        1.647       -0.921               22.0298140        198.1444279  0             56824.44887           2456824.95046                 2.65000
 1             148.92        63.41      264.1947890   50.5478260  27.071        0.052               152.2010000         59.8994000     2.54        0.911        0.713               99.2571122        174.6181863  0             56825.41106           2456825.91266                 2.65000
 1             148.76        63.86      264.1947890   50.5478260  27.069        0.057               121.9290000         66.6603000     1.83        0.954       -1.019              196.3583038        182.1056613  0             56825.43073           2456825.93232                 2.65000
 1             148.86        63.53      264.1947890   50.5478260  27.071        0.048               217.8340000         59.4490000     3.66        1.103        0.631               78.0324664        152.9992800  0             56826.41462           2456826.91621                 2.55000
 1             149.17        64.12      264.1947890   50.5478260  27.071        0.052               213.0540000         67.7748000     3.14        1.107       -0.406              316.6484379        164.2757084  0             56826.43443           2456826.93602                 2.65000
 1             148.77        66.20      264.1947890   50.5478260  27.070        0.049               178.0170000         58.9198000     3.02        1.071       -0.285              129.9627753        156.4007785  0             56827.40463           2456827.90622                 2.55000
 1             147.41        67.18      264.1947890   50.5478260  27.070        0.050               156.6360000         59.1578000     2.65        1.106        1.488              294.6442255        157.9927830  0             56827.42429           2456827.92588                 2.35000
 1             148.10        71.02      264.1947890   50.5478260  27.070        0.048               303.7370000         39.8154000     7.63        0.970       -0.865               97.8601152        128.9923207  0             56828.45797           2456828.95956                 2.15000
 1             150.32        68.74      264.1947890   50.5478260  27.073        0.055               241.1540000         38.7398000     6.22        0.700        0.176              -13.7985007        161.5169569  0             56829.39166           2456829.89323                 2.35000
 1             149.08        68.64      264.1947890   50.5478260  27.070        0.061               210.1400000         63.1106000     3.33        0.958       -0.336             -247.6784710        199.0695283  0             56829.41573           2456829.91731                 2.25000
 1             148.72        66.43      264.1947890   50.5478260  27.079        0.041               160.1820000         36.0443000     4.44        1.314       -0.120             -103.3617795         83.3807491  0             56830.40975           2456830.91132                 2.05000
 1             149.20        66.28      264.1947890   50.5478260  27.079        0.043               187.2670000         76.9785000     2.43        1.787       -1.316                0.3660032        128.1330687  0             56830.43376           2456830.93534                 2.35000
 1             170.75       433.08      264.1947890   50.5478260  27.071        0.056               190.7450000         67.5044000     2.83        1.128        0.387               67.9059465        181.4423609  0             57537.46100           2457537.96256                 2.25000
 1             177.96       451.75      264.1947890   50.5478260  27.072        0.043               234.7200000         61.3533000     3.83        1.301       -0.384               66.0987881        126.1353445  0             57544.44947           2457544.95106                 2.95000
 1             178.53       448.15      264.1947890   50.5478260  27.087        0.085               166.3230000        132.7730000     1.25        1.162        5.535              235.9617207        257.4613159  0             57545.48321           2457545.98480                 3.15000
 1             169.14       448.24      264.1947890   50.5478260  27.079        0.077               373.6080000         79.2994000     4.71        1.187        0.104             -139.6229703        200.7274699  0             57548.45944           2457548.96104                 2.55000
 1             163.00       404.85      264.1947890   50.5478260  27.071        0.041               203.2400000         57.0377000     3.56        1.245       -0.138               33.8400002        126.0520471  0             57552.44670           2457552.94830                 2.35000
\ Reference-image PSF-fit metrics for id 1: flux_ref, sigflux_ref, chi_ref, sharp_ref = 3380.71 DN, 287.987 DN, 9.544, 1.058
\ -------------------------------------------------------------------------------------------------------------------------------------------------------------------------------------------------------------------------------------------------------------------------------------------------------
