\BOOKMARK [1][-]{section.1}{Introduction}{}% 1
\BOOKMARK [1][-]{section.2}{Observations}{}% 2
\BOOKMARK [2][-]{subsection.2.1}{The Detection and SN Location}{section.2}% 3
\BOOKMARK [2][-]{subsection.2.2}{Photometry}{section.2}% 4
\BOOKMARK [3][-]{subsubsection.2.2.1}{Optical Photometry}{subsection.2.2}% 5
\BOOKMARK [3][-]{subsubsection.2.2.2}{Swift Photometry}{subsection.2.2}% 6
\BOOKMARK [3][-]{subsubsection.2.2.3}{Radio Follow-up}{subsection.2.2}% 7
\BOOKMARK [2][-]{subsection.2.3}{Spectroscopy}{section.2}% 8
\BOOKMARK [1][-]{section.3}{Properties of the Explosion and Its Host Galaxy}{}% 9
\BOOKMARK [2][-]{subsection.3.1}{Light Curve Properties}{section.3}% 10
\BOOKMARK [3][-]{subsubsection.3.1.1}{Peak Luminosity, Rise and Decline Timescale}{subsection.3.1}% 11
\BOOKMARK [3][-]{subsubsection.3.1.2}{Bolometric Evolution}{subsection.3.1}% 12
\BOOKMARK [3][-]{subsubsection.3.1.3}{Color Evolution}{subsection.3.1}% 13
\BOOKMARK [2][-]{subsection.3.2}{Spectroscopic Properties}{section.3}% 14
\BOOKMARK [3][-]{subsubsection.3.2.1}{Early Spectral Evolution}{subsection.3.2}% 15
\BOOKMARK [3][-]{subsubsection.3.2.2}{Photosperic Phase Spectral Evolution}{subsection.3.2}% 16
\BOOKMARK [3][-]{subsubsection.3.2.3}{Late-time Spectral Evolution}{subsection.3.2}% 17
\BOOKMARK [2][-]{subsection.3.3}{Host Galaxy Properties}{section.3}% 18
\BOOKMARK [2][-]{subsection.3.4}{Spectroscopy}{section.3}% 19
\BOOKMARK [2][-]{subsection.3.5}{Host Environment}{section.3}% 20
\BOOKMARK [1][-]{section.4}{Interpretation}{}% 21
\BOOKMARK [2][-]{subsection.4.1}{Shock Cooling Powered Fast Rise}{section.4}% 22
\BOOKMARK [2][-]{subsection.4.2}{Radioactivity Powered Main Peak}{section.4}% 23
\BOOKMARK [2][-]{subsection.4.3}{A Highly Stripped Progenitor in a Binary System}{section.4}% 24
\BOOKMARK [1][-]{section.5}{Discussion}{}% 25
\BOOKMARK [1][-]{section.6}{Conclusion}{}% 26
\BOOKMARK [1][-]{appendix.A}{UV and Optical Photometry}{}% 27
\BOOKMARK [2][-]{subsection.A.1}{Data}{appendix.A}% 28
\BOOKMARK [2][-]{subsection.A.2}{Modelling Early Light Curve}{appendix.A}% 29
\BOOKMARK [2][-]{subsection.A.3}{Modelling the Main Peak}{appendix.A}% 30
\BOOKMARK [1][-]{appendix.B}{UV and Optical Spectroscopy}{}% 31
\BOOKMARK [2][-]{subsection.B.1}{Data}{appendix.B}% 32
\BOOKMARK [2][-]{subsection.B.2}{Mass Loss Estimate from HeII}{appendix.B}% 33
